[2025-06-13 10:48:38] [INFO] [매도 주문] 매도 주문 실행 | 종목코드: 168330 | 수량: 932 | 가격: 4945 | 세션ID: 2889 | 주문타입: 지정가
[2025-06-13 10:48:38] [DEBUG] 매도 전 잔고 확인 시작 | 종목코드: 168330 | 세션ID: 2889
[2025-06-13 10:48:39] [DEBUG] 매도 전 잔고 최종 확인 | 종목코드: 168330 | 세션ID: 2889 | 잔고정보: True
[2025-06-13 10:48:39] [INFO] 매도 수량 확인 | 세션ID: 2889 | 종목코드: 168330 | 요청수량: 932 | 실제보유: 932
[2025-06-13 10:48:39] [DEBUG] 지정가 주문 가격 검증 시작 | 세션ID: 2889 | 종목코드: 168330 | 원본가격: 4945 | 타입: int
[2025-06-13 10:48:39] [DEBUG] 가격 변환 성공 | 가격: 4945 | 종목코드: 168330
[2025-06-13 10:48:39] [DEBUG] 매도를 위한 현재가 조회 시도 | 종목코드: 168330
[2025-06-13 10:48:39] [INFO] 매도 지정가 체결 가능성 검증 | 세션ID: 2889 | 종목코드: 168330 | 지정가: 4945 | 현재가: 4965 | 하한: 4716 | 상한: 5213
[2025-06-13 11:07:28] [INFO] [매도 주문] 매도 주문 실행 | 종목코드: 168330 | 수량: 932 | 가격: 5100 | 세션ID: 2889 | 주문타입: 지정가
[2025-06-13 11:07:28] [DEBUG] 매도 전 잔고 확인 시작 | 종목코드: 168330 | 세션ID: 2889
[2025-06-13 11:07:28] [DEBUG] 매도 전 잔고 최종 확인 | 종목코드: 168330 | 세션ID: 2889 | 잔고정보: True
[2025-06-13 11:07:28] [INFO] 매도 수량 확인 | 세션ID: 2889 | 종목코드: 168330 | 요청수량: 932 | 실제보유: 932
[2025-06-13 11:07:28] [DEBUG] 지정가 주문 가격 검증 시작 | 세션ID: 2889 | 종목코드: 168330 | 원본가격: 5100 | 타입: int
[2025-06-13 11:07:28] [DEBUG] 가격 변환 성공 | 가격: 5100 | 종목코드: 168330
[2025-06-13 11:07:28] [DEBUG] 매도를 위한 현재가 조회 시도 | 종목코드: 168330
[2025-06-13 11:07:29] [INFO] 매도 지정가 체결 가능성 검증 | 세션ID: 2889 | 종목코드: 168330 | 지정가: 5100 | 현재가: 5160 | 하한: 4902 | 상한: 5418
[2025-06-13 11:07:33] [DEBUG] 주문 취소 시도 | ticker: 168330 | result: {'rt_cd': '1', 'msg_cd': 'EGW00201', 'msg1': '초당 거래건수를 초과하였습니다.'}
[2025-06-13 11:07:34] [DEBUG] 주문 취소 시도 | ticker: 168330 | result: {'rt_cd': '1', 'msg_cd': '40330000', 'msg1': '모의투자 정정/취소할 수량이 없습니다.'}
[2025-06-13 11:07:35] [DEBUG] 주문 취소 시도 | ticker: 168330 | result: {'rt_cd': '1', 'msg_cd': '40330000', 'msg1': '모의투자 정정/취소할 수량이 없습니다.'}
[2025-06-13 11:15:11] [INFO] [매도 주문] 매도 주문 실행 | 종목코드: 052400 | 수량: 42 | 가격: 68000 | 세션ID: 7806 | 주문타입: 지정가
[2025-06-13 11:15:11] [DEBUG] 매도 전 잔고 확인 시작 | 종목코드: 052400 | 세션ID: 7806
[2025-06-13 11:15:12] [DEBUG] 매도 전 잔고 최종 확인 | 종목코드: 052400 | 세션ID: 7806 | 잔고정보: True
[2025-06-13 11:15:12] [INFO] 매도 수량 확인 | 세션ID: 7806 | 종목코드: 052400 | 요청수량: 42 | 실제보유: 42
[2025-06-13 11:15:12] [DEBUG] 지정가 주문 가격 검증 시작 | 세션ID: 7806 | 종목코드: 052400 | 원본가격: 68000 | 타입: int
[2025-06-13 11:15:12] [DEBUG] 가격 변환 성공 | 가격: 68000 | 종목코드: 052400
[2025-06-13 11:15:12] [DEBUG] 매도를 위한 현재가 조회 시도 | 종목코드: 052400
[2025-06-13 11:15:12] [INFO] 매도 지정가 체결 가능성 검증 | 세션ID: 7806 | 종목코드: 052400 | 지정가: 68000 | 현재가: 68400 | 하한: 64980 | 상한: 71820
[2025-06-13 13:06:07] [INFO] [매수 주문] 매수 주문 실행 | 종목코드: 033340 | 수량: 2137 | 주문시작: true
[2025-06-13 13:06:07] [DEBUG] KIS API 매수 주문 호출 | ticker: 033340 | quantity: 2137
[2025-06-13 13:06:07] [DEBUG] KIS API 매수 주문 응답 | ticker: 033340 | rt_cd: 0 | msg: 모의투자 매수주문이 완료 되었습니다.
[2025-06-13 13:06:07] [INFO] 매수 주문 대기 시작 | ticker: 033340 | wait_time: 20
[2025-06-13 13:06:28] [INFO] 매수 주문 미체결 수량 확인 | ticker: 033340 | unfilled: 0
[2025-06-13 13:06:28] [INFO] 매수 주문 전체 체결 완료 | ticker: 033340
[2025-06-13 13:06:29] [INFO] [매수 주문] 매수 주문 실행 | 종목코드: 110020 | 수량: 728 | 주문시작: true
[2025-06-13 13:06:30] [DEBUG] KIS API 매수 주문 호출 | ticker: 110020 | quantity: 728
[2025-06-13 13:06:30] [DEBUG] KIS API 매수 주문 응답 | ticker: 110020 | rt_cd: 0 | msg: 모의투자 매수주문이 완료 되었습니다.
[2025-06-13 13:06:30] [INFO] 매수 주문 대기 시작 | ticker: 110020 | wait_time: 20
[2025-06-13 13:06:50] [INFO] 매수 주문 미체결 수량 확인 | ticker: 110020 | unfilled: 728
[2025-06-13 13:06:50] [INFO] 매수 미체결 주문 처리 시작 | ticker: 110020 | unfilled: 728
[2025-06-13 13:06:51] [DEBUG] 주문 취소 시도 | ticker: 110020 | result: {'rt_cd': '0', 'msg_cd': '40630000', 'msg1': '모의투자 취소주문이 완료 되었습니다.', 'output': {'KRX_FWDG_ORD_ORGNO': '00950', 'ODNO': '0000011013', 'ORD_TMD': '130651'}}
[2025-06-13 13:07:11] [DEBUG] 주문 취소 시도 | ticker: 110020 | result: {'rt_cd': '0', 'msg_cd': '40630000', 'msg1': '모의투자 취소주문이 완료 되었습니다.', 'output': {'KRX_FWDG_ORD_ORGNO': '00950', 'ODNO': '0000011016', 'ORD_TMD': '130711'}}
[2025-06-13 13:07:33] [DEBUG] 주문 취소 시도 | ticker: 110020 | result: {'rt_cd': '0', 'msg_cd': '40630000', 'msg1': '모의투자 취소주문이 완료 되었습니다.', 'output': {'KRX_FWDG_ORD_ORGNO': '00950', 'ODNO': '0000011021', 'ORD_TMD': '130733'}}
[2025-06-13 13:07:54] [DEBUG] 주문 취소 시도 | ticker: 110020 | result: {'rt_cd': '0', 'msg_cd': '40630000', 'msg1': '모의투자 취소주문이 완료 되었습니다.', 'output': {'KRX_FWDG_ORD_ORGNO': '00950', 'ODNO': '0000011023', 'ORD_TMD': '130754'}}
[2025-06-13 13:08:16] [DEBUG] 주문 취소 시도 | ticker: 110020 | result: {'rt_cd': '0', 'msg_cd': '40630000', 'msg1': '모의투자 취소주문이 완료 되었습니다.', 'output': {'KRX_FWDG_ORD_ORGNO': '00950', 'ODNO': '0000011026', 'ORD_TMD': '130816'}}
[2025-06-13 13:08:38] [INFO] 매수 주문 최종 결과: 성공 | 종목코드: 110020 | 주문번호: 0000011027 | 메시지: 모의투자 매수주문이 완료 되었습니다.
