[2025-06-18 11:40:04] [INFO] [매수 주문] 매수 주문 실행 | 종목코드: 001800 | 수량: 113 | 주문시작: true
[2025-06-18 11:40:04] [DEBUG] KIS API 매수 주문 호출 | ticker: 001800 | quantity: 113
[2025-06-18 11:40:06] [DEBUG] KIS API 매수 주문 응답 | ticker: 001800 | rt_cd: 0 | msg: 모의투자 매수주문이 완료 되었습니다.
[2025-06-18 11:40:06] [INFO] 매수 주문 대기 시작 | ticker: 001800 | wait_time: 20
[2025-06-18 11:40:27] [INFO] 매수 주문 미체결 수량 확인 | ticker: 001800 | unfilled: 107
[2025-06-18 11:40:27] [INFO] 매수 미체결 주문 처리 시작 | ticker: 001800 | unfilled: 107
[2025-06-18 11:40:28] [DEBUG] 주문 취소 시도 | ticker: 001800 | result: {'rt_cd': '0', 'msg_cd': '40630000', 'msg1': '모의투자 취소주문이 완료 되었습니다.', 'output': {'KRX_FWDG_ORD_ORGNO': '00950', 'ODNO': '0000006823', 'ORD_TMD': '114028'}}
[2025-06-18 11:40:28] [INFO] 매수 주문 최종 결과: 성공 | 종목코드: 001800 | 주문번호: 0000006819 | 메시지: 모의투자 매수주문이 완료 되었습니다.
[2025-06-18 13:23:16] [INFO] [매도 주문] 매도 주문 실행 | 종목코드: 001800 | 수량: 161 | 가격: 21300 | 세션ID: 3072 | 주문타입: 지정가
[2025-06-18 13:23:16] [DEBUG] 매도 전 잔고 최종 확인 | 종목코드: 001800 | 세션ID: 3072 | 잔고정보: True
[2025-06-18 13:23:16] [INFO] 매도 수량 확인 | 세션ID: 3072 | 종목코드: 001800 | 요청수량: 161 | 실제보유: 161
[2025-06-18 13:23:16] [DEBUG] 지정가 주문 가격 검증 시작 | 세션ID: 3072 | 종목코드: 001800 | 원본가격: 21300 | 타입: int
[2025-06-18 13:23:16] [DEBUG] 가격 변환 성공 | 가격: 21300 | 종목코드: 001800
[2025-06-18 13:23:16] [DEBUG] 매도를 위한 현재가 조회 시도 | 종목코드: 001800
[2025-06-18 13:23:17] [INFO] 매도 지정가 체결 가능성 검증 | 세션ID: 3072 | 종목코드: 001800 | 지정가: 21300 | 현재가: 21500 | 하한: 20425 | 상한: 22575
[2025-06-18 13:23:26] [DEBUG] 주문 취소 시도 | ticker: 001800 | result: {'rt_cd': '0', 'msg_cd': '40630000', 'msg1': '모의투자 취소주문이 완료 되었습니다.', 'output': {'KRX_FWDG_ORD_ORGNO': '00950', 'ODNO': '0000007647', 'ORD_TMD': '132326'}}
[2025-06-18 13:23:32] [DEBUG] 주문 취소 시도 | ticker: 001800 | result: {'rt_cd': '0', 'msg_cd': '40630000', 'msg1': '모의투자 취소주문이 완료 되었습니다.', 'output': {'KRX_FWDG_ORD_ORGNO': '00950', 'ODNO': '0000007650', 'ORD_TMD': '132332'}}
[2025-06-18 13:23:37] [DEBUG] 주문 취소 시도 | ticker: 001800 | result: {'rt_cd': '0', 'msg_cd': '40630000', 'msg1': '모의투자 취소주문이 완료 되었습니다.', 'output': {'KRX_FWDG_ORD_ORGNO': '00950', 'ODNO': '0000007652', 'ORD_TMD': '132337'}}
[2025-06-18 13:23:43] [DEBUG] 주문 취소 시도 | ticker: 001800 | result: {'rt_cd': '0', 'msg_cd': '40630000', 'msg1': '모의투자 취소주문이 완료 되었습니다.', 'output': {'KRX_FWDG_ORD_ORGNO': '00950', 'ODNO': '0000007654', 'ORD_TMD': '132342'}}
[2025-06-18 13:23:48] [DEBUG] 주문 취소 시도 | ticker: 001800 | result: {'rt_cd': '0', 'msg_cd': '40630000', 'msg1': '모의투자 취소주문이 완료 되었습니다.', 'output': {'KRX_FWDG_ORD_ORGNO': '00950', 'ODNO': '0000007658', 'ORD_TMD': '132348'}}
